0	13:37:28.835	Compiling 'MACD Sample'
0	13:37:28.835	Compiling 'Moving Average'
0	13:37:30.314	Compiling 'Accelerator'
0	13:37:30.314	Compiling 'Accumulation'
0	13:37:30.314	Compiling 'Alligator'
0	13:37:30.314	Compiling 'ATR'
0	13:37:30.314	Compiling 'Awesome'
0	13:37:30.314	Compiling 'Bands'
0	13:37:30.314	Compiling 'Bears'
0	13:37:30.314	Compiling 'Bulls'
0	13:37:30.314	Compiling 'CCI'
0	13:37:30.314	Compiling 'Custom Moving Averages'
0	13:37:30.314	Compiling 'Heiken Ashi'
0	13:37:30.314	Compiling 'Ichimoku'
0	13:37:30.314	Compiling 'iExposure'
0	13:37:30.314	Compiling 'MACD'
0	13:37:30.314	Compiling 'Momentum'
0	13:37:30.314	Compiling 'OsMA'
0	13:37:30.314	Compiling 'Parabolic'
0	13:37:30.314	Compiling 'RSI'
0	13:37:30.314	Compiling 'Stochastic'
0	13:37:30.314	Compiling 'ZigZag'
0	13:37:30.314	Compiling 'SimplePanel'
0	13:37:37.626	Compiling 'PeriodConverter'
0	13:37:37.626	Compiling 'DLLSampleTester'
0	13:37:37.627	Compiling 'PipeClient'
0	13:37:37.627	Compiling 'PipeClientPure'
0	13:37:39.480	Compiling 'stdlib'
0	14:36:46.310	Compiling 'TestZmq'
0	14:36:46.310	Compiling 'HelloWorldClient'
0	14:36:46.310	Compiling 'HelloWorldServer'
0	14:36:46.310	Compiling 'TaskEvent'
0	14:36:46.310	Compiling 'TaskSink'
0	14:36:46.310	Compiling 'TaskWorker'
0	14:36:46.310	Compiling 'VersionReporting'
0	14:36:46.310	Compiling 'WeatherUpdateClient'
0	14:36:46.310	Compiling 'WeatherUpdateServer'
0	14:36:46.310	Compiling 'MSPoller'
0	14:36:46.310	Compiling 'RRBroker'
0	14:36:46.310	Compiling 'RRClient'
0	14:36:46.310	Compiling 'RRWorker'
0	14:36:46.310	Compiling 'WUProxy'
0	14:36:46.310	Compiling 'RTReqBroker'
0	14:36:46.310	Compiling 'RTReqWorker'
0	14:40:09.656	Compiling 'MetaTrader4Bridge'
0	14:50:41.444	Compiling 'MetaTrader4Bridge2'
0	14:52:58.627	Expert MetaTrader4Bridge2 EURJPY,H1: loaded successfully
0	14:52:58.627	MetaTrader4Bridge2 EURJPY,H1 inputs: PROJECT_NAME=MetaTrader 4 Bridge; ZEROMQ_PROTOCOL=tcp; HOSTNAME=*; APIKEY=CHANGEME; REP_PORT=5555; PUSH_PORT=5556; 
0	14:53:00.503	MetaTrader4Bridge2 EURJPY,H1: [REP] Binding MT4 Server to Socket on Port 5555.
0	14:53:00.503	MetaTrader4Bridge2 EURJPY,H1: [PUSH] Binding MT4 Server to Socket on Port 5556.
0	14:53:00.503	MetaTrader4Bridge2 EURJPY,H1: initialized
